Determining if the pthread_create exist failed with the following output:
Change Dir: /build/CMakeFiles/CMakeTmp

Run Build Command:"/usr/bin/make" "cmTC_16d7f/fast"
/usr/bin/make -f CMakeFiles/cmTC_16d7f.dir/build.make CMakeFiles/cmTC_16d7f.dir/build
make[1]: Entering directory '/build/CMakeFiles/CMakeTmp'
Building C object CMakeFiles/cmTC_16d7f.dir/CheckSymbolExists.c.o
/usr/bin/cc   -fPIC    -o CMakeFiles/cmTC_16d7f.dir/CheckSymbolExists.c.o   -c /build/CMakeFiles/CMakeTmp/CheckSymbolExists.c
Linking C executable cmTC_16d7f
/usr/bin/cmake -E cmake_link_script CMakeFiles/cmTC_16d7f.dir/link.txt --verbose=1
/usr/bin/cc -fPIC     CMakeFiles/cmTC_16d7f.dir/CheckSymbolExists.c.o  -o cmTC_16d7f 
CMakeFiles/cmTC_16d7f.dir/CheckSymbolExists.c.o: In function `main':
CheckSymbolExists.c:(.text+0x1b): undefined reference to `pthread_create'
collect2: error: ld returned 1 exit status
CMakeFiles/cmTC_16d7f.dir/build.make:97: recipe for target 'cmTC_16d7f' failed
make[1]: *** [cmTC_16d7f] Error 1
make[1]: Leaving directory '/build/CMakeFiles/CMakeTmp'
Makefile:126: recipe for target 'cmTC_16d7f/fast' failed
make: *** [cmTC_16d7f/fast] Error 2

File /build/CMakeFiles/CMakeTmp/CheckSymbolExists.c:
/* */
#include <pthread.h>

int main(int argc, char** argv)
{
  (void)argv;
#ifndef pthread_create
  return ((int*)(&pthread_create))[argc];
#else
  (void)argc;
  return 0;
#endif
}

Determining if the function pthread_create exists in the pthreads failed with the following output:
Change Dir: /build/CMakeFiles/CMakeTmp

Run Build Command:"/usr/bin/make" "cmTC_b027b/fast"
/usr/bin/make -f CMakeFiles/cmTC_b027b.dir/build.make CMakeFiles/cmTC_b027b.dir/build
make[1]: Entering directory '/build/CMakeFiles/CMakeTmp'
Building C object CMakeFiles/cmTC_b027b.dir/CheckFunctionExists.c.o
/usr/bin/cc   -fPIC -DCHECK_FUNCTION_EXISTS=pthread_create   -o CMakeFiles/cmTC_b027b.dir/CheckFunctionExists.c.o   -c /usr/share/cmake-3.10/Modules/CheckFunctionExists.c
Linking C executable cmTC_b027b
/usr/bin/cmake -E cmake_link_script CMakeFiles/cmTC_b027b.dir/link.txt --verbose=1
/usr/bin/cc -fPIC -DCHECK_FUNCTION_EXISTS=pthread_create    CMakeFiles/cmTC_b027b.dir/CheckFunctionExists.c.o  -o cmTC_b027b -lpthreads 
/usr/bin/ld: cannot find -lpthreads
collect2: error: ld returned 1 exit status
CMakeFiles/cmTC_b027b.dir/build.make:97: recipe for target 'cmTC_b027b' failed
make[1]: *** [cmTC_b027b] Error 1
make[1]: Leaving directory '/build/CMakeFiles/CMakeTmp'
Makefile:126: recipe for target 'cmTC_b027b/fast' failed
make: *** [cmTC_b027b/fast] Error 2


