Determining if the pthread_create exist failed with the following output:
Change Dir: /build/CMakeFiles/CMakeTmp

Run Build Command:"/usr/bin/make" "cmTC_cc3c3/fast"
/usr/bin/make -f CMakeFiles/cmTC_cc3c3.dir/build.make CMakeFiles/cmTC_cc3c3.dir/build
make[1]: Entering directory '/build/CMakeFiles/CMakeTmp'
Building C object CMakeFiles/cmTC_cc3c3.dir/CheckSymbolExists.c.o
/usr/bin/cc   -fPIC    -o CMakeFiles/cmTC_cc3c3.dir/CheckSymbolExists.c.o   -c /build/CMakeFiles/CMakeTmp/CheckSymbolExists.c
Linking C executable cmTC_cc3c3
/usr/bin/cmake -E cmake_link_script CMakeFiles/cmTC_cc3c3.dir/link.txt --verbose=1
/usr/bin/cc -fPIC     CMakeFiles/cmTC_cc3c3.dir/CheckSymbolExists.c.o  -o cmTC_cc3c3 
CMakeFiles/cmTC_cc3c3.dir/CheckSymbolExists.c.o: In function `main':
CheckSymbolExists.c:(.text+0x1b): undefined reference to `pthread_create'
collect2: error: ld returned 1 exit status
CMakeFiles/cmTC_cc3c3.dir/build.make:97: recipe for target 'cmTC_cc3c3' failed
make[1]: *** [cmTC_cc3c3] Error 1
make[1]: Leaving directory '/build/CMakeFiles/CMakeTmp'
Makefile:126: recipe for target 'cmTC_cc3c3/fast' failed
make: *** [cmTC_cc3c3/fast] Error 2

File /build/CMakeFiles/CMakeTmp/CheckSymbolExists.c:
/* */
#include <pthread.h>

int main(int argc, char** argv)
{
  (void)argv;
#ifndef pthread_create
  return ((int*)(&pthread_create))[argc];
#else
  (void)argc;
  return 0;
#endif
}

Determining if the function pthread_create exists in the pthreads failed with the following output:
Change Dir: /build/CMakeFiles/CMakeTmp

Run Build Command:"/usr/bin/make" "cmTC_b8ae6/fast"
/usr/bin/make -f CMakeFiles/cmTC_b8ae6.dir/build.make CMakeFiles/cmTC_b8ae6.dir/build
make[1]: Entering directory '/build/CMakeFiles/CMakeTmp'
Building C object CMakeFiles/cmTC_b8ae6.dir/CheckFunctionExists.c.o
/usr/bin/cc   -fPIC -DCHECK_FUNCTION_EXISTS=pthread_create   -o CMakeFiles/cmTC_b8ae6.dir/CheckFunctionExists.c.o   -c /usr/share/cmake-3.10/Modules/CheckFunctionExists.c
Linking C executable cmTC_b8ae6
/usr/bin/cmake -E cmake_link_script CMakeFiles/cmTC_b8ae6.dir/link.txt --verbose=1
/usr/bin/cc -fPIC -DCHECK_FUNCTION_EXISTS=pthread_create    CMakeFiles/cmTC_b8ae6.dir/CheckFunctionExists.c.o  -o cmTC_b8ae6 -lpthreads 
/usr/bin/ld: cannot find -lpthreads
collect2: error: ld returned 1 exit status
CMakeFiles/cmTC_b8ae6.dir/build.make:97: recipe for target 'cmTC_b8ae6' failed
make[1]: *** [cmTC_b8ae6] Error 1
make[1]: Leaving directory '/build/CMakeFiles/CMakeTmp'
Makefile:126: recipe for target 'cmTC_b8ae6/fast' failed
make: *** [cmTC_b8ae6/fast] Error 2


